Bringing machine 'client' up with 'virtualbox' provider...
==> client: Importing base box 'centos/7'...
[KProgress: 20%[KProgress: 40%[KProgress: 70%[KProgress: 90%[K==> client: Matching MAC address for NAT networking...
==> client: Checking if box 'centos/7' is up to date...
==> client: A newer version of the box 'centos/7' for provider 'virtualbox' is
==> client: available! You currently have version '1803.01'. The latest is version
==> client: '1804.02'. Run `vagrant box update` to update.
==> client: Setting the name of the VM: lesson24_websrv_client_1534247684775_77456
==> client: Clearing any previously set network interfaces...
==> client: Preparing network interfaces based on configuration...
    client: Adapter 1: nat
    client: Adapter 2: intnet
==> client: Forwarding ports...
    client: 22 (guest) => 2223 (host) (adapter 1)
==> client: Running 'pre-boot' VM customizations...
==> client: Booting VM...
==> client: Waiting for machine to boot. This may take a few minutes...
    client: SSH address: 127.0.0.1:2223
    client: SSH username: vagrant
    client: SSH auth method: private key
    client: Warning: Connection reset. Retrying...
    client: Warning: Remote connection disconnect. Retrying...
    client: Warning: Connection reset. Retrying...
    client: Warning: Remote connection disconnect. Retrying...
    client: Warning: Connection reset. Retrying...
    client: Warning: Remote connection disconnect. Retrying...
    client: Warning: Connection reset. Retrying...
    client: Warning: Remote connection disconnect. Retrying...
    client: Warning: Connection reset. Retrying...
    client: Warning: Remote connection disconnect. Retrying...
    client: Warning: Connection reset. Retrying...
    client: Warning: Remote connection disconnect. Retrying...
    client: Warning: Connection reset. Retrying...
    client: Warning: Remote connection disconnect. Retrying...
    client: Warning: Connection reset. Retrying...
    client: Warning: Remote connection disconnect. Retrying...
    client: Warning: Connection reset. Retrying...
    client: Warning: Remote connection disconnect. Retrying...
    client: Warning: Connection reset. Retrying...
    client: Warning: Remote connection disconnect. Retrying...
    client: Warning: Connection reset. Retrying...
    client: Warning: Remote connection disconnect. Retrying...
    client: Warning: Connection reset. Retrying...
    client: Warning: Remote connection disconnect. Retrying...
    client: Warning: Connection reset. Retrying...
    client: Warning: Remote connection disconnect. Retrying...
    client: Warning: Connection reset. Retrying...
    client: Warning: Remote connection disconnect. Retrying...
    client: Warning: Connection reset. Retrying...
    client: Warning: Remote connection disconnect. Retrying...
    client: Warning: Connection reset. Retrying...
    client: Warning: Remote connection disconnect. Retrying...
    client: Warning: Connection reset. Retrying...
    client: Warning: Remote connection disconnect. Retrying...
    client: Warning: Connection reset. Retrying...
    client: Warning: Remote connection disconnect. Retrying...
    client: Warning: Connection reset. Retrying...
    client: Warning: Remote connection disconnect. Retrying...
    client: Warning: Connection reset. Retrying...
    client: Warning: Remote connection disconnect. Retrying...
    client: Warning: Connection reset. Retrying...
    client: Warning: Remote connection disconnect. Retrying...
    client: Warning: Connection reset. Retrying...
    client: Warning: Remote connection disconnect. Retrying...
    client: Warning: Connection reset. Retrying...
    client: Warning: Remote connection disconnect. Retrying...
    client: Warning: Connection reset. Retrying...
    client: Warning: Remote connection disconnect. Retrying...
    client: Warning: Connection reset. Retrying...
    client: Warning: Remote connection disconnect. Retrying...
    client: Warning: Connection reset. Retrying...
    client: Warning: Remote connection disconnect. Retrying...
    client: Warning: Connection reset. Retrying...
    client: Warning: Remote connection disconnect. Retrying...
    client: Warning: Connection reset. Retrying...
    client: Warning: Remote connection disconnect. Retrying...
    client: Warning: Connection reset. Retrying...
    client: Warning: Remote connection disconnect. Retrying...
    client: Warning: Connection reset. Retrying...
    client: Warning: Remote connection disconnect. Retrying...
    client: Warning: Connection reset. Retrying...
    client: Warning: Remote connection disconnect. Retrying...
    client: Warning: Connection reset. Retrying...
    client: Warning: Remote connection disconnect. Retrying...
    client: Warning: Connection reset. Retrying...
    client: Warning: Remote connection disconnect. Retrying...
    client: Warning: Connection reset. Retrying...
    client: Warning: Remote connection disconnect. Retrying...
    client: Warning: Connection reset. Retrying...
    client: Warning: Remote connection disconnect. Retrying...
    client: Warning: Connection reset. Retrying...
    client: 
    client: Vagrant insecure key detected. Vagrant will automatically replace
    client: this with a newly generated keypair for better security.
    client: 
    client: Inserting generated public key within guest...
    client: Removing insecure key from the guest if it's present...
    client: Key inserted! Disconnecting and reconnecting using new SSH key...
==> client: Machine booted and ready!
==> client: Checking for guest additions in VM...
    client: No guest additions were detected on the base box for this VM! Guest
    client: additions are required for forwarded ports, shared folders, host only
    client: networking, and more. If SSH fails on this machine, please install
    client: the guest additions and repackage the box to continue.
    client: 
    client: This is not an error message; everything may continue to work properly,
    client: in which case you may ignore this message.
==> client: Setting hostname...
==> client: Configuring and enabling network interfaces...
    client: SSH address: 127.0.0.1:2223
    client: SSH username: vagrant
    client: SSH auth method: private key
==> client: Rsyncing folder: /home/rootadmin/vagrant/OTUS_git/OTUS_LinuxAdmin201804/lesson24_websrv/ => /vagrant
