+----------+
| Filename |
+----------+
| /etc/fstab |
| /etc/crypttab |
| /etc/mtab |
| /etc/resolv.conf |
| /etc/    |
| /etc/magic |
| /etc/centos-release |
| /etc/statetab |
| /etc/centos-release-upstream |
| /etc/logrotate.conf |
| /etc/issue |
| /etc/issue.net |
| /etc/os-release |
| /etc/group |
| /etc/redhat-release |
| /etc/system-release |
| /etc/system-release-cpe |
| /etc/aliases |
| /etc/libuser.conf |
| /etc/bashrc |
| /etc/csh.cshrc |
| /etc/idmapd.conf |
| /etc/csh.login |
| /etc/my.cnf |
| /etc/environment |
| /etc/exports |
| /etc/filesystems |
| /etc/yum.conf |
| /etc/gshadow |
| /etc/login.defs |
| /etc/host.conf |
| /etc/hosts |
| /etc/.pwd.lock |
| /etc/hosts.allow |
| /etc/sestatus.conf |
| /etc/hosts.deny |
| /etc/inputrc |
| /etc/group- |
| /etc/motd |
| /etc/gshadow- |
| /etc/passwd |
| /etc/dracut.conf |
| /etc/printcap |
| /etc/profile |
| /etc/protocols |
| /etc/securetty |
| /etc/services |
| /etc/rc.local |
| /etc/shells |
| /etc/subgid |
| /etc/passwd- |
| /etc/subuid |
| /etc/shadow- |
| /etc/ld.so.conf |
| /etc/netconfig |
| /etc/nsswitch.conf |
| /etc/rpc |
| /etc/sysctl.conf |
| /etc/ld.so.cache |
| /etc/init.d |
| /etc/rc0.d |
| /etc/rc1.d |
| /etc/machine-id |
| /etc/rc2.d |
| /etc/localtime |
| /etc/rc3.d |
| /etc/rc4.d |
| /etc/nsswitch.conf.bak |
| /etc/rc5.d |
| /etc/rc6.d |
| /etc/adjtime |
| /etc/GREP_COLORS |
| /etc/libaudit.conf |
| /etc/request-key.conf |
| /etc/networks |
| /etc/virc |
| /etc/inittab |
| /etc/GeoIP.conf |
| /etc/favicon.png |
| /etc/GeoIP.conf.default |
| /etc/krb5.conf |
| /etc/DIR_COLORS |
| /etc/DIR_COLORS.256color |
| /etc/DIR_COLORS.lightbgcolor |
| /etc/rwtab |
| /etc/grub2.cfg |
| /etc/ethertypes |
| /etc/nfs.conf |
| /etc/nfsmount.conf |
| /etc/rsyncd.conf |
| /etc/chrony.conf |
| /etc/chrony.keys |
| /etc/rsyslog.conf |
| /etc/screenrc |
| /etc/man_db.conf |
| /etc/sudo-ldap.conf |
| /etc/sudo.conf |
| /etc/sudoers |
| /etc/e2fsck.conf |
| /etc/mke2fs.conf |
| /etc/vconsole.conf |
| /etc/locale.conf |
| /etc/hostname |
| /etc/.updated |
| /etc/aliases.db |
| /etc/cron.deny |
| /etc/crontab |
| /etc/trusted-key.key |
| /etc/wgetrc |
| /etc/pki/rpm-gpg/RPM-GPG-KEY-CentOS-7 |
| /etc/pki/rpm-gpg/RPM-GPG-KEY-CentOS-Debug-7 |
| /etc/pki/rpm-gpg/RPM-GPG-KEY-CentOS-Testing-7 |
| /etc/pki/rpm-gpg/RPM-GPG-KEY-EPEL-7 |
| /etc/pki/rpm-gpg/ |
| /etc/pki/ca-trust/ |
| /etc/pki/ca-trust/README |
| /etc/pki/ca-trust/ca-legacy.conf |
| /etc/pki/ca-trust/extracted/ |
| /etc/pki/ca-trust/extracted/README |
| /etc/pki/ca-trust/extracted/java/ |
| /etc/pki/ca-trust/extracted/java/README |
| /etc/pki/ca-trust/extracted/java/cacerts |
| /etc/pki/ca-trust/extracted/openssl/ |
| /etc/pki/ca-trust/extracted/openssl/README |
| /etc/pki/ca-trust/extracted/openssl/ca-bundle.trust.crt |
| /etc/pki/ca-trust/extracted/pem/ |
| /etc/pki/ca-trust/extracted/pem/README |
| /etc/pki/ca-trust/extracted/pem/tls-ca-bundle.pem |
| /etc/pki/ca-trust/extracted/pem/email-ca-bundle.pem |
| /etc/pki/ca-trust/extracted/pem/objsign-ca-bundle.pem |
| /etc/pki/ca-trust/source/ |
| /etc/pki/ca-trust/source/README |
| /etc/pki/ca-trust/source/ca-bundle.legacy.crt |
| /etc/pki/ca-trust/source/anchors/ |
| /etc/pki/ca-trust/source/blacklist/ |
| /etc/pki/java/ |
| /etc/pki/java/cacerts |
| /etc/pki/tls/ |
| /etc/pki/tls/cert.pem |
| /etc/pki/tls/openssl.cnf |
| /etc/pki/tls/certs/ |
| /etc/pki/tls/certs/ca-bundle.trust.crt |
| /etc/pki/tls/certs/ca-bundle.crt |
| /etc/pki/tls/certs/Makefile |
| /etc/pki/tls/certs/make-dummy-cert |
| /etc/pki/tls/certs/renew-dummy-cert |
| /etc/pki/tls/misc/ |
| /etc/pki/tls/misc/CA |
| /etc/pki/tls/misc/c_hash |
| /etc/pki/tls/misc/c_info |
| /etc/pki/tls/misc/c_issuer |
| /etc/pki/tls/misc/c_name |
| /etc/pki/tls/private/ |
| /etc/pki/nss-legacy/ |
| /etc/pki/nss-legacy/nss-rhel7.config |
| /etc/pki/nssdb/ |
| /etc/pki/nssdb/cert8.db |
| /etc/pki/nssdb/cert9.db |
| /etc/pki/nssdb/key3.db |
| /etc/pki/nssdb/key4.db |
| /etc/pki/nssdb/pkcs11.txt |
| /etc/pki/nssdb/secmod.db |
| /etc/pki/CA/certs/ |
| /etc/pki/CA/crl/ |
| /etc/pki/CA/newcerts/ |
| /etc/pki/CA/private/ |
| /etc/pki/CA/ |
| /etc/pki/rsyslog/ |
| /etc/pki/ |
| /etc/rpm/ |
| /etc/rpm/macros.dist |
| /etc/rpm/macros.perl |
| /etc/yum.repos.d/ |
| /etc/yum.repos.d/CentOS-Base.repo |
| /etc/yum.repos.d/CentOS-CR.repo |
| /etc/yum.repos.d/CentOS-Debuginfo.repo |
| /etc/yum.repos.d/CentOS-Media.repo |
| /etc/yum.repos.d/CentOS-Sources.repo |
| /etc/yum.repos.d/CentOS-Vault.repo |
| /etc/yum.repos.d/CentOS-fasttrack.repo |
| /etc/yum.repos.d/epel-testing.repo |
| /etc/yum.repos.d/epel.repo |
| /etc/yum.repos.d/nginx.repo |
| /etc/yum/vars/ |
| /etc/yum/vars/infra |
| /etc/yum/vars/contentdir |
| /etc/yum/pluginconf.d/ |
| /etc/yum/pluginconf.d/fastestmirror.conf |
| /etc/yum/pluginconf.d/langpacks.conf |
| /etc/yum/fssnap.d/ |
| /etc/yum/protected.d/ |
| /etc/yum/protected.d/systemd.conf |
| /etc/yum/ |
| /etc/yum/version-groups.conf |
| /etc/lvm/archive/ |
| /etc/lvm/archive/VolGroup00_00000-1280177824.vg |
| /etc/lvm/backup/ |
| /etc/lvm/backup/VolGroup00 |
| /etc/lvm/cache/ |
| /etc/lvm/ |
| /etc/lvm/lvm.conf |
| /etc/lvm/lvmlocal.conf |
| /etc/lvm/profile/ |
| /etc/lvm/profile/cache-mq.profile |
| /etc/lvm/profile/cache-smq.profile |
| /etc/lvm/profile/command_profile_template.profile |
| /etc/lvm/profile/lvmdbusd.profile |
| /etc/lvm/profile/metadata_profile_template.profile |
| /etc/lvm/profile/thin-generic.profile |
| /etc/lvm/profile/thin-performance.profile |
| /etc/pkcs11/modules/ |
| /etc/pkcs11/ |
| /etc/logrotate.d/ |
| /etc/logrotate.d/yum |
| /etc/logrotate.d/wpa_supplicant |
| /etc/logrotate.d/bootlog |
| /etc/logrotate.d/chrony |
| /etc/logrotate.d/syslog |
| /etc/logrotate.d/nginx |
| /etc/logrotate.d/bacula |
| /etc/gnupg/ |
| /etc/iproute2/ |
| /etc/iproute2/ematch_map |
| /etc/iproute2/group |
| /etc/iproute2/nl_protos |
| /etc/iproute2/rt_dsfield |
| /etc/iproute2/rt_protos |
| /etc/iproute2/rt_realms |
| /etc/iproute2/rt_scopes |
| /etc/iproute2/rt_tables |
| /etc/iproute2/bpf_pinning |
| /etc/sasl2/ |
| /etc/sasl2/smtpd.conf |
| /etc/groff/site-font/ |
| /etc/groff/site-tmac/ |
| /etc/groff/site-tmac/man.local |
| /etc/groff/site-tmac/mdoc.local |
| /etc/groff/ |
| /etc/grub.d/ |
| /etc/grub.d/README |
| /etc/grub.d/00_header |
| /etc/grub.d/01_users |
| /etc/grub.d/10_linux |
| /etc/grub.d/20_linux_xen |
| /etc/grub.d/20_ppc_terminfo |
| /etc/grub.d/30_os-prober |
| /etc/grub.d/40_custom |
| /etc/grub.d/41_custom |
| /etc/grub.d/00_tuned |
| /etc/openldap/certs/ |
| /etc/openldap/certs/cert8.db |
| /etc/openldap/certs/key3.db |
| /etc/openldap/certs/secmod.db |
| /etc/openldap/certs/password |
| /etc/openldap/ |
| /etc/openldap/ldap.conf |
| /etc/dhcp/dhclient-exit-hooks.d/ |
| /etc/dhcp/dhclient-exit-hooks.d/azure-cloud.sh |
| /etc/dhcp/dhclient.d/ |
| /etc/dhcp/dhclient.d/chrony.sh |
| /etc/dhcp/ |
| /etc/my.cnf.d/ |
| /etc/my.cnf.d/mysql-clients.cnf |
| /etc/dbus-1/system.d/ |
| /etc/dbus-1/system.d/teamd.conf |
| /etc/dbus-1/system.d/org.freedesktop.hostname1.conf |
| /etc/dbus-1/system.d/org.freedesktop.import1.conf |
| /etc/dbus-1/system.d/org.freedesktop.locale1.conf |
| /etc/dbus-1/system.d/org.freedesktop.login1.conf |
| /etc/dbus-1/system.d/org.freedesktop.machine1.conf |
| /etc/dbus-1/system.d/org.freedesktop.systemd1.conf |
| /etc/dbus-1/system.d/org.freedesktop.timedate1.conf |
| /etc/dbus-1/system.d/org.freedesktop.PolicyKit1.conf |
| /etc/dbus-1/system.d/wpa_supplicant.conf |
| /etc/dbus-1/system.d/nm-dispatcher.conf |
| /etc/dbus-1/system.d/nm-ifcfg-rh.conf |
| /etc/dbus-1/system.d/org.freedesktop.NetworkManager.conf |
| /etc/dbus-1/system.d/com.redhat.tuned.conf |
| /etc/dbus-1/system.d/FirewallD.conf |
| /etc/dbus-1/system.d/org.selinux.conf |
| /etc/dbus-1/ |
| /etc/dbus-1/session.conf |
| /etc/dbus-1/system.conf |
| /etc/dbus-1/session.d/ |
| /etc/selinux/ |
| /etc/selinux/semanage.conf |
| /etc/selinux/config |
| /etc/selinux/tmp/ |
| /etc/selinux/targeted/ |
| /etc/selinux/targeted/semanage.read.LOCK |
| /etc/selinux/targeted/semanage.trans.LOCK |
| /etc/selinux/targeted/.policy.sha512 |
| /etc/selinux/targeted/booleans.subs_dist |
| /etc/selinux/targeted/setrans.conf |
| /etc/selinux/targeted/seusers |
| /etc/selinux/targeted/modules/active/modules/ |
| /etc/selinux/targeted/modules/active/ |
| /etc/selinux/targeted/modules/ |
| /etc/selinux/targeted/contexts/ |
| /etc/selinux/targeted/contexts/customizable_types |
| /etc/selinux/targeted/contexts/dbus_contexts |
| /etc/selinux/targeted/contexts/default_contexts |
| /etc/selinux/targeted/contexts/default_type |
| /etc/selinux/targeted/contexts/failsafe_context |
| /etc/selinux/targeted/contexts/initrc_context |
| /etc/selinux/targeted/contexts/lxc_contexts |
| /etc/selinux/targeted/contexts/removable_context |
| /etc/selinux/targeted/contexts/securetty_types |
| /etc/selinux/targeted/contexts/sepgsql_contexts |
| /etc/selinux/targeted/contexts/snapperd_contexts |
| /etc/selinux/targeted/contexts/systemd_contexts |
| /etc/selinux/targeted/contexts/userhelper_context |
| /etc/selinux/targeted/contexts/virtual_domain_context |
| /etc/selinux/targeted/contexts/virtual_image_context |
| /etc/selinux/targeted/contexts/x_contexts |
| /etc/selinux/targeted/contexts/files/ |
| /etc/selinux/targeted/contexts/files/file_contexts |
| /etc/selinux/targeted/contexts/files/file_contexts.bin |
| /etc/selinux/targeted/contexts/files/file_contexts.homedirs |
| /etc/selinux/targeted/contexts/files/file_contexts.homedirs.bin |
| /etc/selinux/targeted/contexts/files/file_contexts.subs |
| /etc/selinux/targeted/contexts/files/file_contexts.subs_dist |
| /etc/selinux/targeted/contexts/files/media |
| /etc/selinux/targeted/contexts/users/ |
| /etc/selinux/targeted/contexts/users/guest_u |
| /etc/selinux/targeted/contexts/users/root |
| /etc/selinux/targeted/contexts/users/staff_u |
| /etc/selinux/targeted/contexts/users/sysadm_u |
| /etc/selinux/targeted/contexts/users/unconfined_u |
| /etc/selinux/targeted/contexts/users/user_u |
| /etc/selinux/targeted/contexts/users/xguest_u |
| /etc/selinux/targeted/logins/ |
| /etc/selinux/targeted/policy/ |
| /etc/selinux/targeted/policy/policy.31 |
| /etc/selinux/targeted/active/modules/100/abrt/ |
| /etc/selinux/targeted/active/modules/100/abrt/cil |
| /etc/selinux/targeted/active/modules/100/abrt/hll |
| /etc/selinux/targeted/active/modules/100/abrt/lang_ext |
| /etc/selinux/targeted/active/modules/100/accountsd/ |
| /etc/selinux/targeted/active/modules/100/accountsd/cil |
| /etc/selinux/targeted/active/modules/100/accountsd/hll |
| /etc/selinux/targeted/active/modules/100/accountsd/lang_ext |
| /etc/selinux/targeted/active/modules/100/acct/ |
| /etc/selinux/targeted/active/modules/100/acct/cil |
| /etc/selinux/targeted/active/modules/100/acct/hll |
| /etc/selinux/targeted/active/modules/100/acct/lang_ext |
| /etc/selinux/targeted/active/modules/100/afs/ |
| /etc/selinux/targeted/active/modules/100/afs/cil |
| /etc/selinux/targeted/active/modules/100/afs/hll |
| /etc/selinux/targeted/active/modules/100/afs/lang_ext |
| /etc/selinux/targeted/active/modules/100/aiccu/ |
| /etc/selinux/targeted/active/modules/100/aiccu/cil |
| /etc/selinux/targeted/active/modules/100/aiccu/hll |
| /etc/selinux/targeted/active/modules/100/aiccu/lang_ext |
| /etc/selinux/targeted/active/modules/100/aide/ |
| /etc/selinux/targeted/active/modules/100/aide/cil |
| /etc/selinux/targeted/active/modules/100/aide/hll |
| /etc/selinux/targeted/active/modules/100/aide/lang_ext |
| /etc/selinux/targeted/active/modules/100/ajaxterm/ |
| /etc/selinux/targeted/active/modules/100/ajaxterm/cil |
| /etc/selinux/targeted/active/modules/100/ajaxterm/hll |
| /etc/selinux/targeted/active/modules/100/ajaxterm/lang_ext |
| /etc/selinux/targeted/active/modules/100/alsa/ |
| /etc/selinux/targeted/active/modules/100/alsa/cil |
| /etc/selinux/targeted/active/modules/100/alsa/hll |
| /etc/selinux/targeted/active/modules/100/alsa/lang_ext |
| /etc/selinux/targeted/active/modules/100/amanda/ |
| /etc/selinux/targeted/active/modules/100/amanda/cil |
| /etc/selinux/targeted/active/modules/100/amanda/hll |
| /etc/selinux/targeted/active/modules/100/amanda/lang_ext |
| /etc/selinux/targeted/active/modules/100/amtu/ |
| /etc/selinux/targeted/active/modules/100/amtu/cil |
| /etc/selinux/targeted/active/modules/100/amtu/hll |
| /etc/selinux/targeted/active/modules/100/amtu/lang_ext |
| /etc/selinux/targeted/active/modules/100/anaconda/ |
| /etc/selinux/targeted/active/modules/100/anaconda/cil |
| /etc/selinux/targeted/active/modules/100/anaconda/hll |
| /etc/selinux/targeted/active/modules/100/anaconda/lang_ext |
| /etc/selinux/targeted/active/modules/100/antivirus/ |
| /etc/selinux/targeted/active/modules/100/antivirus/cil |
| /etc/selinux/targeted/active/modules/100/antivirus/hll |
| /etc/selinux/targeted/active/modules/100/antivirus/lang_ext |
| /etc/selinux/targeted/active/modules/100/apache/ |
| /etc/selinux/targeted/active/modules/100/apache/cil |
| /etc/selinux/targeted/active/modules/100/apache/hll |
| /etc/selinux/targeted/active/modules/100/apache/lang_ext |
| /etc/selinux/targeted/active/modules/100/apcupsd/ |
| /etc/selinux/targeted/active/modules/100/apcupsd/cil |
| /etc/selinux/targeted/active/modules/100/apcupsd/hll |
| /etc/selinux/targeted/active/modules/100/apcupsd/lang_ext |
| /etc/selinux/targeted/active/modules/100/apm/ |
| /etc/selinux/targeted/active/modules/100/apm/cil |
| /etc/selinux/targeted/active/modules/100/apm/hll |
| /etc/selinux/targeted/active/modules/100/apm/lang_ext |
| /etc/selinux/targeted/active/modules/100/application/ |
| /etc/selinux/targeted/active/modules/100/application/cil |
| /etc/selinux/targeted/active/modules/100/application/hll |
| /etc/selinux/targeted/active/modules/100/application/lang_ext |
| /etc/selinux/targeted/active/modules/100/arpwatch/ |
| /etc/selinux/targeted/active/modules/100/arpwatch/cil |
| /etc/selinux/targeted/active/modules/100/arpwatch/hll |
| /etc/selinux/targeted/active/modules/100/arpwatch/lang_ext |
| /etc/selinux/targeted/active/modules/100/asterisk/ |
| /etc/selinux/targeted/active/modules/100/asterisk/cil |
| /etc/selinux/targeted/active/modules/100/asterisk/hll |
| /etc/selinux/targeted/active/modules/100/asterisk/lang_ext |
| /etc/selinux/targeted/active/modules/100/auditadm/ |
| /etc/selinux/targeted/active/modules/100/auditadm/cil |
| /etc/selinux/targeted/active/modules/100/auditadm/hll |
| /etc/selinux/targeted/active/modules/100/auditadm/lang_ext |
| /etc/selinux/targeted/active/modules/100/authconfig/ |
| /etc/selinux/targeted/active/modules/100/authconfig/cil |
| /etc/selinux/targeted/active/modules/100/authconfig/hll |
| /etc/selinux/targeted/active/modules/100/authconfig/lang_ext |
| /etc/selinux/targeted/active/modules/100/authlogin/ |
| /etc/selinux/targeted/active/modules/100/authlogin/cil |
| /etc/selinux/targeted/active/modules/100/authlogin/hll |
| /etc/selinux/targeted/active/modules/100/authlogin/lang_ext |
| /etc/selinux/targeted/active/modules/100/automount/ |
| /etc/selinux/targeted/active/modules/100/automount/cil |
| /etc/selinux/targeted/active/modules/100/automount/hll |
| /etc/selinux/targeted/active/modules/100/automount/lang_ext |
| /etc/selinux/targeted/active/modules/100/avahi/ |
| /etc/selinux/targeted/active/modules/100/avahi/cil |
| /etc/selinux/targeted/active/modules/100/avahi/hll |
| /etc/selinux/targeted/active/modules/100/avahi/lang_ext |
| /etc/selinux/targeted/active/modules/100/awstats/ |
| /etc/selinux/targeted/active/modules/100/awstats/cil |
| /etc/selinux/targeted/active/modules/100/awstats/hll |
| /etc/selinux/targeted/active/modules/100/awstats/lang_ext |
| /etc/selinux/targeted/active/modules/100/bacula/ |
| /etc/selinux/targeted/active/modules/100/bacula/cil |
| /etc/selinux/targeted/active/modules/100/bacula/hll |
| /etc/selinux/targeted/active/modules/100/bacula/lang_ext |
| /etc/selinux/targeted/active/modules/100/base/ |
| /etc/selinux/targeted/active/modules/100/base/cil |
| /etc/selinux/targeted/active/modules/100/base/hll |
| /etc/selinux/targeted/active/modules/100/base/lang_ext |
| /etc/selinux/targeted/active/modules/100/bcfg2/ |
| /etc/selinux/targeted/active/modules/100/bcfg2/cil |
| /etc/selinux/targeted/active/modules/100/bcfg2/hll |
| /etc/selinux/targeted/active/modules/100/bcfg2/lang_ext |
| /etc/selinux/targeted/active/modules/100/bind/ |
| /etc/selinux/targeted/active/modules/100/bind/cil |
| /etc/selinux/targeted/active/modules/100/bind/hll |
| /etc/selinux/targeted/active/modules/100/bind/lang_ext |
| /etc/selinux/targeted/active/modules/100/bitlbee/ |
| /etc/selinux/targeted/active/modules/100/bitlbee/cil |
| /etc/selinux/targeted/active/modules/100/bitlbee/hll |
| /etc/selinux/targeted/active/modules/100/bitlbee/lang_ext |
| /etc/selinux/targeted/active/modules/100/blkmapd/ |
| /etc/selinux/targeted/active/modules/100/blkmapd/cil |
| /etc/selinux/targeted/active/modules/100/blkmapd/hll |
| /etc/selinux/targeted/active/modules/100/blkmapd/lang_ext |
| /etc/selinux/targeted/active/modules/100/blueman/ |
| /etc/selinux/targeted/active/modules/100/blueman/cil |
| /etc/selinux/targeted/active/modules/100/blueman/hll |
| /etc/selinux/targeted/active/modules/100/blueman/lang_ext |
| /etc/selinux/targeted/active/modules/100/bluetooth/ |
| /etc/selinux/targeted/active/modules/100/bluetooth/cil |
| /etc/selinux/targeted/active/modules/100/bluetooth/hll |
| /etc/selinux/targeted/active/modules/100/bluetooth/lang_ext |
| /etc/selinux/targeted/active/modules/100/boinc/ |
| /etc/selinux/targeted/active/modules/100/boinc/cil |
| /etc/selinux/targeted/active/modules/100/boinc/hll |
| /etc/selinux/targeted/active/modules/100/boinc/lang_ext |
| /etc/selinux/targeted/active/modules/100/bootloader/ |
| /etc/selinux/targeted/active/modules/100/bootloader/cil |
| /etc/selinux/targeted/active/modules/100/bootloader/hll |
| /etc/selinux/targeted/active/modules/100/bootloader/lang_ext |
| /etc/selinux/targeted/active/modules/100/brctl/ |
| /etc/selinux/targeted/active/modules/100/brctl/cil |
| /etc/selinux/targeted/active/modules/100/brctl/hll |
| /etc/selinux/targeted/active/modules/100/brctl/lang_ext |
| /etc/selinux/targeted/active/modules/100/brltty/ |
| /etc/selinux/targeted/active/modules/100/brltty/cil |
| /etc/selinux/targeted/active/modules/100/brltty/hll |
| /etc/selinux/targeted/active/modules/100/brltty/lang_ext |
| /etc/selinux/targeted/active/modules/100/bugzilla/ |
| /etc/selinux/targeted/active/modules/100/bugzilla/cil |
| /etc/selinux/targeted/active/modules/100/bugzilla/hll |
| /etc/selinux/targeted/active/modules/100/bugzilla/lang_ext |
| /etc/selinux/targeted/active/modules/100/bumblebee/ |
| /etc/selinux/targeted/active/modules/100/bumblebee/cil |
| /etc/selinux/targeted/active/modules/100/bumblebee/hll |
| /etc/selinux/targeted/active/modules/100/bumblebee/lang_ext |
| /etc/selinux/targeted/active/modules/100/cachefilesd/ |
| /etc/selinux/targeted/active/modules/100/cachefilesd/cil |
| /etc/selinux/targeted/active/modules/100/cachefilesd/hll |
| /etc/selinux/targeted/active/modules/100/cachefilesd/lang_ext |
| /etc/selinux/targeted/active/modules/100/calamaris/ |
| /etc/selinux/targeted/active/modules/100/calamaris/cil |
| /etc/selinux/targeted/active/modules/100/calamaris/hll |
| /etc/selinux/targeted/active/modules/100/calamaris/lang_ext |
| /etc/selinux/targeted/active/modules/100/callweaver/ |
| /etc/selinux/targeted/active/modules/100/callweaver/cil |
| /etc/selinux/targeted/active/modules/100/callweaver/hll |
| /etc/selinux/targeted/active/modules/100/callweaver/lang_ext |
| /etc/selinux/targeted/active/modules/100/canna/ |
| /etc/selinux/targeted/active/modules/100/canna/cil |
| /etc/selinux/targeted/active/modules/100/canna/hll |
| /etc/selinux/targeted/active/modules/100/canna/lang_ext |
| /etc/selinux/targeted/active/modules/100/ccs/ |
| /etc/selinux/targeted/active/modules/100/ccs/cil |
| /etc/selinux/targeted/active/modules/100/ccs/hll |
| /etc/selinux/targeted/active/modules/100/ccs/lang_ext |
| /etc/selinux/targeted/active/modules/100/cdrecord/ |
| /etc/selinux/targeted/active/modules/100/cdrecord/cil |
| /etc/selinux/targeted/active/modules/100/cdrecord/hll |
| /etc/selinux/targeted/active/modules/100/cdrecord/lang_ext |
| /etc/selinux/targeted/active/modules/100/certmaster/ |
| /etc/selinux/targeted/active/modules/100/certmaster/cil |
| /etc/selinux/targeted/active/modules/100/certmaster/hll |
| /etc/selinux/targeted/active/modules/100/certmaster/lang_ext |
| /etc/selinux/targeted/active/modules/100/certmonger/ |
| /etc/selinux/targeted/active/modules/100/certmonger/cil |
| /etc/selinux/targeted/active/modules/100/certmonger/hll |
| /etc/selinux/targeted/active/modules/100/certmonger/lang_ext |
| /etc/selinux/targeted/active/modules/100/certwatch/ |
| /etc/selinux/targeted/active/modules/100/certwatch/cil |
| /etc/selinux/targeted/active/modules/100/certwatch/hll |
| /etc/selinux/targeted/active/modules/100/certwatch/lang_ext |
| /etc/selinux/targeted/active/modules/100/cfengine/ |
| /etc/selinux/targeted/active/modules/100/cfengine/cil |
| /etc/selinux/targeted/active/modules/100/cfengine/hll |
| /etc/selinux/targeted/active/modules/100/cfengine/lang_ext |
| /etc/selinux/targeted/active/modules/100/cgdcbxd/ |
| /etc/selinux/targeted/active/modules/100/cgdcbxd/cil |
| /etc/selinux/targeted/active/modules/100/cgdcbxd/hll |
| /etc/selinux/targeted/active/modules/100/cgdcbxd/lang_ext |
| /etc/selinux/targeted/active/modules/100/cgroup/ |
| /etc/selinux/targeted/active/modules/100/cgroup/cil |
| /etc/selinux/targeted/active/modules/100/cgroup/hll |
| /etc/selinux/targeted/active/modules/100/cgroup/lang_ext |
| /etc/selinux/targeted/active/modules/100/chrome/ |
| /etc/selinux/targeted/active/modules/100/chrome/cil |
| /etc/selinux/targeted/active/modules/100/chrome/hll |
| /etc/selinux/targeted/active/modules/100/chrome/lang_ext |
| /etc/selinux/targeted/active/modules/100/chronyd/ |
| /etc/selinux/targeted/active/modules/100/chronyd/cil |
| /etc/selinux/targeted/active/modules/100/chronyd/hll |
| /etc/selinux/targeted/active/modules/100/chronyd/lang_ext |
| /etc/selinux/targeted/active/modules/100/cinder/ |
| /etc/selinux/targeted/active/modules/100/cinder/cil |
| /etc/selinux/targeted/active/modules/100/cinder/hll |
| /etc/selinux/targeted/active/modules/100/cinder/lang_ext |
| /etc/selinux/targeted/active/modules/100/cipe/ |
| /etc/selinux/targeted/active/modules/100/cipe/cil |
| /etc/selinux/targeted/active/modules/100/cipe/hll |
| /etc/selinux/targeted/active/modules/100/cipe/lang_ext |
| /etc/selinux/targeted/active/modules/100/clock/ |
| /etc/selinux/targeted/active/modules/100/clock/cil |
| /etc/selinux/targeted/active/modules/100/clock/hll |
| /etc/selinux/targeted/active/modules/100/clock/lang_ext |
| /etc/selinux/targeted/active/modules/100/clogd/ |
| /etc/selinux/targeted/active/modules/100/clogd/cil |
| /etc/selinux/targeted/active/modules/100/clogd/hll |
| /etc/selinux/targeted/active/modules/100/clogd/lang_ext |
| /etc/selinux/targeted/active/modules/100/cloudform/ |
| /etc/selinux/targeted/active/modules/100/cloudform/cil |
| /etc/selinux/targeted/active/modules/100/cloudform/hll |
| /etc/selinux/targeted/active/modules/100/cloudform/lang_ext |
| /etc/selinux/targeted/active/modules/100/cmirrord/ |
| /etc/selinux/targeted/active/modules/100/cmirrord/cil |
| /etc/selinux/targeted/active/modules/100/cmirrord/hll |
| /etc/selinux/targeted/active/modules/100/cmirrord/lang_ext |
| /etc/selinux/targeted/active/modules/100/cobbler/ |
| /etc/selinux/targeted/active/modules/100/cobbler/cil |
| /etc/selinux/targeted/active/modules/100/cobbler/hll |
| /etc/selinux/targeted/active/modules/100/cobbler/lang_ext |
| /etc/selinux/targeted/active/modules/100/cockpit/ |
| /etc/selinux/targeted/active/modules/100/cockpit/cil |
| /etc/selinux/targeted/active/modules/100/cockpit/hll |
| /etc/selinux/targeted/active/modules/100/cockpit/lang_ext |
| /etc/selinux/targeted/active/modules/100/collectd/ |
| /etc/selinux/targeted/active/modules/100/collectd/cil |
| /etc/selinux/targeted/active/modules/100/collectd/hll |
| /etc/selinux/targeted/active/modules/100/collectd/lang_ext |
| /etc/selinux/targeted/active/modules/100/colord/ |
| /etc/selinux/targeted/active/modules/100/colord/cil |
| /etc/selinux/targeted/active/modules/100/colord/hll |
| /etc/selinux/targeted/active/modules/100/colord/lang_ext |
| /etc/selinux/targeted/active/modules/100/comsat/ |
| /etc/selinux/targeted/active/modules/100/comsat/cil |
| /etc/selinux/targeted/active/modules/100/comsat/hll |
| /etc/selinux/targeted/active/modules/100/comsat/lang_ext |
| /etc/selinux/targeted/active/modules/100/condor/ |
| /etc/selinux/targeted/active/modules/100/condor/cil |
| /etc/selinux/targeted/active/modules/100/condor/hll |
| /etc/selinux/targeted/active/modules/100/condor/lang_ext |
| /etc/selinux/targeted/active/modules/100/conman/ |
| /etc/selinux/targeted/active/modules/100/conman/cil |
| /etc/selinux/targeted/active/modules/100/conman/hll |
| /etc/selinux/targeted/active/modules/100/conman/lang_ext |
| /etc/selinux/targeted/active/modules/100/consolekit/ |
| /etc/selinux/targeted/active/modules/100/consolekit/cil |
| /etc/selinux/targeted/active/modules/100/consolekit/hll |
| /etc/selinux/targeted/active/modules/100/consolekit/lang_ext |
| /etc/selinux/targeted/active/modules/100/container/ |
| /etc/selinux/targeted/active/modules/100/container/cil |
| /etc/selinux/targeted/active/modules/100/container/hll |
| /etc/selinux/targeted/active/modules/100/container/lang_ext |
| /etc/selinux/targeted/active/modules/100/couchdb/ |
| /etc/selinux/targeted/active/modules/100/couchdb/cil |
| /etc/selinux/targeted/active/modules/100/couchdb/hll |
| /etc/selinux/targeted/active/modules/100/couchdb/lang_ext |
| /etc/selinux/targeted/active/modules/100/courier/ |
| /etc/selinux/targeted/active/modules/100/courier/cil |
| /etc/selinux/targeted/active/modules/100/courier/hll |
| /etc/selinux/targeted/active/modules/100/courier/lang_ext |
| /etc/selinux/targeted/active/modules/100/cpucontrol/ |
| /etc/selinux/targeted/active/modules/100/cpucontrol/cil |
| /etc/selinux/targeted/active/modules/100/cpucontrol/hll |
| /etc/selinux/targeted/active/modules/100/cpucontrol/lang_ext |
| /etc/selinux/targeted/active/modules/100/cpufreqselector/ |
| /etc/selinux/targeted/active/modules/100/cpufreqselector/cil |
| /etc/selinux/targeted/active/modules/100/cpufreqselector/hll |
| /etc/selinux/targeted/active/modules/100/cpufreqselector/lang_ext |
| /etc/selinux/targeted/active/modules/100/cpuplug/ |
| /etc/selinux/targeted/active/modules/100/cpuplug/cil |
| /etc/selinux/targeted/active/modules/100/cpuplug/hll |
| /etc/selinux/targeted/active/modules/100/cpuplug/lang_ext |
| /etc/selinux/targeted/active/modules/100/cron/ |
| /etc/selinux/targeted/active/modules/100/cron/cil |
| /etc/selinux/targeted/active/modules/100/cron/hll |
| /etc/selinux/targeted/active/modules/100/cron/lang_ext |
| /etc/selinux/targeted/active/modules/100/ctdb/ |
| /etc/selinux/targeted/active/modules/100/ctdb/cil |
| /etc/selinux/targeted/active/modules/100/ctdb/hll |
| /etc/selinux/targeted/active/modules/100/ctdb/lang_ext |
| /etc/selinux/targeted/active/modules/100/cups/ |
| /etc/selinux/targeted/active/modules/100/cups/cil |
| /etc/selinux/targeted/active/modules/100/cups/hll |
| /etc/selinux/targeted/active/modules/100/cups/lang_ext |
| /etc/selinux/targeted/active/modules/100/cvs/ |
| /etc/selinux/targeted/active/modules/100/cvs/cil |
| /etc/selinux/targeted/active/modules/100/cvs/hll |
| /etc/selinux/targeted/active/modules/100/cvs/lang_ext |
| /etc/selinux/targeted/active/modules/100/cyphesis/ |
| /etc/selinux/targeted/active/modules/100/cyphesis/cil |
| /etc/selinux/targeted/active/modules/100/cyphesis/hll |
| /etc/selinux/targeted/active/modules/100/cyphesis/lang_ext |
| /etc/selinux/targeted/active/modules/100/cyrus/ |
| /etc/selinux/targeted/active/modules/100/cyrus/cil |
| /etc/selinux/targeted/active/modules/100/cyrus/hll |
| /etc/selinux/targeted/active/modules/100/cyrus/lang_ext |
| /etc/selinux/targeted/active/modules/100/daemontools/ |
| /etc/selinux/targeted/active/modules/100/daemontools/cil |
| /etc/selinux/targeted/active/modules/100/daemontools/hll |
| /etc/selinux/targeted/active/modules/100/daemontools/lang_ext |
| /etc/selinux/targeted/active/modules/100/dbadm/ |
| /etc/selinux/targeted/active/modules/100/dbadm/cil |
| /etc/selinux/targeted/active/modules/100/dbadm/hll |
| /etc/selinux/targeted/active/modules/100/dbadm/lang_ext |
| /etc/selinux/targeted/active/modules/100/dbskk/ |
| /etc/selinux/targeted/active/modules/100/dbskk/cil |
| /etc/selinux/targeted/active/modules/100/dbskk/hll |
| /etc/selinux/targeted/active/modules/100/dbskk/lang_ext |
| /etc/selinux/targeted/active/modules/100/dbus/ |
| /etc/selinux/targeted/active/modules/100/dbus/cil |
| /etc/selinux/targeted/active/modules/100/dbus/hll |
| /etc/selinux/targeted/active/modules/100/dbus/lang_ext |
| /etc/selinux/targeted/active/modules/100/dcc/ |
| /etc/selinux/targeted/active/modules/100/dcc/cil |
| /etc/selinux/targeted/active/modules/100/dcc/hll |
| /etc/selinux/targeted/active/modules/100/dcc/lang_ext |
| /etc/selinux/targeted/active/modules/100/ddclient/ |
| /etc/selinux/targeted/active/modules/100/ddclient/cil |
| /etc/selinux/targeted/active/modules/100/ddclient/hll |
| /etc/selinux/targeted/active/modules/100/ddclient/lang_ext |
| /etc/selinux/targeted/active/modules/100/denyhosts/ |
| /etc/selinux/targeted/active/modules/100/denyhosts/cil |
| /etc/selinux/targeted/active/modules/100/denyhosts/hll |
| /etc/selinux/targeted/active/modules/100/denyhosts/lang_ext |
| /etc/selinux/targeted/active/modules/100/devicekit/ |
| /etc/selinux/targeted/active/modules/100/devicekit/cil |
| /etc/selinux/targeted/active/modules/100/devicekit/hll |
| /etc/selinux/targeted/active/modules/100/devicekit/lang_ext |
| /etc/selinux/targeted/active/modules/100/dhcp/ |
| /etc/selinux/targeted/active/modules/100/dhcp/cil |
| /etc/selinux/targeted/active/modules/100/dhcp/hll |
| /etc/selinux/targeted/active/modules/100/dhcp/lang_ext |
| /etc/selinux/targeted/active/modules/100/dictd/ |
| /etc/selinux/targeted/active/modules/100/dictd/cil |
| /etc/selinux/targeted/active/modules/100/dictd/hll |
| /etc/selinux/targeted/active/modules/100/dictd/lang_ext |
| /etc/selinux/targeted/active/modules/100/dirsrv/ |
| /etc/selinux/targeted/active/modules/100/dirsrv/cil |
| /etc/selinux/targeted/active/modules/100/dirsrv/hll |
| /etc/selinux/targeted/active/modules/100/dirsrv/lang_ext |
| /etc/selinux/targeted/active/modules/100/dirsrv-admin/ |
| /etc/selinux/targeted/active/modules/100/dirsrv-admin/cil |
| /etc/selinux/targeted/active/modules/100/dirsrv-admin/hll |
| /etc/selinux/targeted/active/modules/100/dirsrv-admin/lang_ext |
| /etc/selinux/targeted/active/modules/100/dmesg/ |
| /etc/selinux/targeted/active/modules/100/dmesg/cil |
| /etc/selinux/targeted/active/modules/100/dmesg/hll |
| /etc/selinux/targeted/active/modules/100/dmesg/lang_ext |
| /etc/selinux/targeted/active/modules/100/dmidecode/ |
| /etc/selinux/targeted/active/modules/100/dmidecode/cil |
| /etc/selinux/targeted/active/modules/100/dmidecode/hll |
| /etc/selinux/targeted/active/modules/100/dmidecode/lang_ext |
| /etc/selinux/targeted/active/modules/100/dnsmasq/ |
| /etc/selinux/targeted/active/modules/100/dnsmasq/cil |
| /etc/selinux/targeted/active/modules/100/dnsmasq/hll |
| /etc/selinux/targeted/active/modules/100/dnsmasq/lang_ext |
| /etc/selinux/targeted/active/modules/100/dnssec/ |
| /etc/selinux/targeted/active/modules/100/dnssec/cil |
| /etc/selinux/targeted/active/modules/100/dnssec/hll |
| /etc/selinux/targeted/active/modules/100/dnssec/lang_ext |
| /etc/selinux/targeted/active/modules/100/dovecot/ |
| /etc/selinux/targeted/active/modules/100/dovecot/cil |
| /etc/selinux/targeted/active/modules/100/dovecot/hll |
| /etc/selinux/targeted/active/modules/100/dovecot/lang_ext |
| /etc/selinux/targeted/active/modules/100/drbd/ |
| /etc/selinux/targeted/active/modules/100/drbd/cil |
| /etc/selinux/targeted/active/modules/100/drbd/hll |
| /etc/selinux/targeted/active/modules/100/drbd/lang_ext |
| /etc/selinux/targeted/active/modules/100/dspam/ |
| /etc/selinux/targeted/active/modules/100/dspam/cil |
| /etc/selinux/targeted/active/modules/100/dspam/hll |
| /etc/selinux/targeted/active/modules/100/dspam/lang_ext |
| /etc/selinux/targeted/active/modules/100/entropyd/ |
| /etc/selinux/targeted/active/modules/100/entropyd/cil |
| /etc/selinux/targeted/active/modules/100/entropyd/hll |
| /etc/selinux/targeted/active/modules/100/entropyd/lang_ext |
| /etc/selinux/targeted/active/modules/100/exim/ |
| /etc/selinux/targeted/active/modules/100/exim/cil |
| /etc/selinux/targeted/active/modules/100/exim/hll |
| /etc/selinux/targeted/active/modules/100/exim/lang_ext |
| /etc/selinux/targeted/active/modules/100/fail2ban/ |
| /etc/selinux/targeted/active/modules/100/fail2ban/cil |
| /etc/selinux/targeted/active/modules/100/fail2ban/hll |
| /etc/selinux/targeted/active/modules/100/fail2ban/lang_ext |
| /etc/selinux/targeted/active/modules/100/fcoe/ |
| /etc/selinux/targeted/active/modules/100/fcoe/cil |
| /etc/selinux/targeted/active/modules/100/fcoe/hll |
| /etc/selinux/targeted/active/modules/100/fcoe/lang_ext |
| /etc/selinux/targeted/active/modules/100/fetchmail/ |
| /etc/selinux/targeted/active/modules/100/fetchmail/cil |
| /etc/selinux/targeted/active/modules/100/fetchmail/hll |
| /etc/selinux/targeted/active/modules/100/fetchmail/lang_ext |
| /etc/selinux/targeted/active/modules/100/finger/ |
| /etc/selinux/targeted/active/modules/100/finger/cil |
| /etc/selinux/targeted/active/modules/100/finger/hll |
| /etc/selinux/targeted/active/modules/100/finger/lang_ext |
| /etc/selinux/targeted/active/modules/100/firewalld/ |
| /etc/selinux/targeted/active/modules/100/firewalld/cil |
| /etc/selinux/targeted/active/modules/100/firewalld/hll |
| /etc/selinux/targeted/active/modules/100/firewalld/lang_ext |
| /etc/selinux/targeted/active/modules/100/firewallgui/ |
| /etc/selinux/targeted/active/modules/100/firewallgui/cil |
| /etc/selinux/targeted/active/modules/100/firewallgui/hll |
| /etc/selinux/targeted/active/modules/100/firewallgui/lang_ext |
| /etc/selinux/targeted/active/modules/100/firstboot/ |
| /etc/selinux/targeted/active/modules/100/firstboot/cil |
| /etc/selinux/targeted/active/modules/100/firstboot/hll |
| /etc/selinux/targeted/active/modules/100/firstboot/lang_ext |
| /etc/selinux/targeted/active/modules/100/fprintd/ |
| /etc/selinux/targeted/active/modules/100/fprintd/cil |
| /etc/selinux/targeted/active/modules/100/fprintd/hll |
| /etc/selinux/targeted/active/modules/100/fprintd/lang_ext |
| /etc/selinux/targeted/active/modules/100/freeipmi/ |
| /etc/selinux/targeted/active/modules/100/freeipmi/cil |
| /etc/selinux/targeted/active/modules/100/freeipmi/hll |
| /etc/selinux/targeted/active/modules/100/freeipmi/lang_ext |
| /etc/selinux/targeted/active/modules/100/freqset/ |
| /etc/selinux/targeted/active/modules/100/freqset/cil |
| /etc/selinux/targeted/active/modules/100/freqset/hll |
| /etc/selinux/targeted/active/modules/100/freqset/lang_ext |
| /etc/selinux/targeted/active/modules/100/fstools/ |
| /etc/selinux/targeted/active/modules/100/fstools/cil |
| /etc/selinux/targeted/active/modules/100/fstools/hll |
| /etc/selinux/targeted/active/modules/100/fstools/lang_ext |
| /etc/selinux/targeted/active/modules/100/ftp/ |
| /etc/selinux/targeted/active/modules/100/ftp/cil |
| /etc/selinux/targeted/active/modules/100/ftp/hll |
| /etc/selinux/targeted/active/modules/100/ftp/lang_ext |
| /etc/selinux/targeted/active/modules/100/games/ |
| /etc/selinux/targeted/active/modules/100/games/cil |
| /etc/selinux/targeted/active/modules/100/games/hll |
| /etc/selinux/targeted/active/modules/100/games/lang_ext |
| /etc/selinux/targeted/active/modules/100/ganesha/ |
| /etc/selinux/targeted/active/modules/100/ganesha/cil |
| /etc/selinux/targeted/active/modules/100/ganesha/hll |
| /etc/selinux/targeted/active/modules/100/ganesha/lang_ext |
| /etc/selinux/targeted/active/modules/100/gdomap/ |
| /etc/selinux/targeted/active/modules/100/gdomap/cil |
| /etc/selinux/targeted/active/modules/100/gdomap/hll |
| /etc/selinux/targeted/active/modules/100/gdomap/lang_ext |
| /etc/selinux/targeted/active/modules/100/geoclue/ |
| /etc/selinux/targeted/active/modules/100/geoclue/cil |
| /etc/selinux/targeted/active/modules/100/geoclue/hll |
| /etc/selinux/targeted/active/modules/100/geoclue/lang_ext |
| /etc/selinux/targeted/active/modules/100/getty/ |
| /etc/selinux/targeted/active/modules/100/getty/cil |
| /etc/selinux/targeted/active/modules/100/getty/hll |
| /etc/selinux/targeted/active/modules/100/getty/lang_ext |
| /etc/selinux/targeted/active/modules/100/git/ |
| /etc/selinux/targeted/active/modules/100/git/cil |
| /etc/selinux/targeted/active/modules/100/git/hll |
| /etc/selinux/targeted/active/modules/100/git/lang_ext |
| /etc/selinux/targeted/active/modules/100/gitosis/ |
| /etc/selinux/targeted/active/modules/100/gitosis/cil |
| /etc/selinux/targeted/active/modules/100/gitosis/hll |
| /etc/selinux/targeted/active/modules/100/gitosis/lang_ext |
| /etc/selinux/targeted/active/modules/100/glance/ |
| /etc/selinux/targeted/active/modules/100/glance/cil |
| /etc/selinux/targeted/active/modules/100/glance/hll |
| /etc/selinux/targeted/active/modules/100/glance/lang_ext |
| /etc/selinux/targeted/active/modules/100/glusterd/ |
| /etc/selinux/targeted/active/modules/100/glusterd/cil |
| /etc/selinux/targeted/active/modules/100/glusterd/hll |
| /etc/selinux/targeted/active/modules/100/glusterd/lang_ext |
| /etc/selinux/targeted/active/modules/100/gnome/ |
| /etc/selinux/targeted/active/modules/100/gnome/cil |
| /etc/selinux/targeted/active/modules/100/gnome/hll |
| /etc/selinux/targeted/active/modules/100/gnome/lang_ext |
| /etc/selinux/targeted/active/modules/100/gpg/ |
| /etc/selinux/targeted/active/modules/100/gpg/cil |
| /etc/selinux/targeted/active/modules/100/gpg/hll |
| /etc/selinux/targeted/active/modules/100/gpg/lang_ext |
| /etc/selinux/targeted/active/modules/100/gpm/ |
| /etc/selinux/targeted/active/modules/100/gpm/cil |
| /etc/selinux/targeted/active/modules/100/gpm/hll |
| /etc/selinux/targeted/active/modules/100/gpm/lang_ext |
| /etc/selinux/targeted/active/modules/100/gpsd/ |
| /etc/selinux/targeted/active/modules/100/gpsd/cil |
| /etc/selinux/targeted/active/modules/100/gpsd/hll |
| /etc/selinux/targeted/active/modules/100/gpsd/lang_ext |
| /etc/selinux/targeted/active/modules/100/gssproxy/ |
| /etc/selinux/targeted/active/modules/100/gssproxy/cil |
| /etc/selinux/targeted/active/modules/100/gssproxy/hll |
| /etc/selinux/targeted/active/modules/100/gssproxy/lang_ext |
| /etc/selinux/targeted/active/modules/100/guest/ |
| /etc/selinux/targeted/active/modules/100/guest/cil |
| /etc/selinux/targeted/active/modules/100/guest/hll |
| /etc/selinux/targeted/active/modules/100/guest/lang_ext |
| /etc/selinux/targeted/active/modules/100/hddtemp/ |
| /etc/selinux/targeted/active/modules/100/hddtemp/cil |
| /etc/selinux/targeted/active/modules/100/hddtemp/hll |
| /etc/selinux/targeted/active/modules/100/hddtemp/lang_ext |
| /etc/selinux/targeted/active/modules/100/hostname/ |
| /etc/selinux/targeted/active/modules/100/hostname/cil |
| /etc/selinux/targeted/active/modules/100/hostname/hll |
| /etc/selinux/targeted/active/modules/100/hostname/lang_ext |
| /etc/selinux/targeted/active/modules/100/hsqldb/ |
| /etc/selinux/targeted/active/modules/100/hsqldb/cil |
| /etc/selinux/targeted/active/modules/100/hsqldb/hll |
| /etc/selinux/targeted/active/modules/100/hsqldb/lang_ext |
| /etc/selinux/targeted/active/modules/100/hwloc/ |
| /etc/selinux/targeted/active/modules/100/hwloc/cil |
| /etc/selinux/targeted/active/modules/100/hwloc/hll |
| /etc/selinux/targeted/active/modules/100/hwloc/lang_ext |
| /etc/selinux/targeted/active/modules/100/hypervkvp/ |
| /etc/selinux/targeted/active/modules/100/hypervkvp/cil |
| /etc/selinux/targeted/active/modules/100/hypervkvp/hll |
| /etc/selinux/targeted/active/modules/100/hypervkvp/lang_ext |
| /etc/selinux/targeted/active/modules/100/icecast/ |
| /etc/selinux/targeted/active/modules/100/icecast/cil |
| /etc/selinux/targeted/active/modules/100/icecast/hll |
| /etc/selinux/targeted/active/modules/100/icecast/lang_ext |
| /etc/selinux/targeted/active/modules/100/inetd/ |
| /etc/selinux/targeted/active/modules/100/inetd/cil |
| /etc/selinux/targeted/active/modules/100/inetd/hll |
| /etc/selinux/targeted/active/modules/100/inetd/lang_ext |
| /etc/selinux/targeted/active/modules/100/init/ |
| /etc/selinux/targeted/active/modules/100/init/cil |
| /etc/selinux/targeted/active/modules/100/init/hll |
| /etc/selinux/targeted/active/modules/100/init/lang_ext |
| /etc/selinux/targeted/active/modules/100/inn/ |
| /etc/selinux/targeted/active/modules/100/inn/cil |
| /etc/selinux/targeted/active/modules/100/inn/hll |
| /etc/selinux/targeted/active/modules/100/inn/lang_ext |
| /etc/selinux/targeted/active/modules/100/iodine/ |
| /etc/selinux/targeted/active/modules/100/iodine/cil |
| /etc/selinux/targeted/active/modules/100/iodine/hll |
| /etc/selinux/targeted/active/modules/100/iodine/lang_ext |
| /etc/selinux/targeted/active/modules/100/iotop/ |
| /etc/selinux/targeted/active/modules/100/iotop/cil |
| /etc/selinux/targeted/active/modules/100/iotop/hll |
| /etc/selinux/targeted/active/modules/100/iotop/lang_ext |
| /etc/selinux/targeted/active/modules/100/ipa/ |
| /etc/selinux/targeted/active/modules/100/ipa/cil |
| /etc/selinux/targeted/active/modules/100/ipa/hll |
| /etc/selinux/targeted/active/modules/100/ipa/lang_ext |
| /etc/selinux/targeted/active/modules/100/ipmievd/ |
| /etc/selinux/targeted/active/modules/100/ipmievd/cil |
| /etc/selinux/targeted/active/modules/100/ipmievd/hll |
| /etc/selinux/targeted/active/modules/100/ipmievd/lang_ext |
| /etc/selinux/targeted/active/modules/100/ipsec/ |
| /etc/selinux/targeted/active/modules/100/ipsec/cil |
| /etc/selinux/targeted/active/modules/100/ipsec/hll |
| /etc/selinux/targeted/active/modules/100/ipsec/lang_ext |
| /etc/selinux/targeted/active/modules/100/iptables/ |
| /etc/selinux/targeted/active/modules/100/iptables/cil |
| /etc/selinux/targeted/active/modules/100/iptables/hll |
| /etc/selinux/targeted/active/modules/100/iptables/lang_ext |
| /etc/selinux/targeted/active/modules/100/irc/ |
| /etc/selinux/targeted/active/modules/100/irc/cil |
| /etc/selinux/targeted/active/modules/100/irc/hll |
| /etc/selinux/targeted/active/modules/100/irc/lang_ext |
| /etc/selinux/targeted/active/modules/100/irqbalance/ |
| /etc/selinux/targeted/active/modules/100/irqbalance/cil |
| /etc/selinux/targeted/active/modules/100/irqbalance/hll |
| /etc/selinux/targeted/active/modules/100/irqbalance/lang_ext |
| /etc/selinux/targeted/active/modules/100/iscsi/ |
| /etc/selinux/targeted/active/modules/100/iscsi/cil |
| /etc/selinux/targeted/active/modules/100/iscsi/hll |
| /etc/selinux/targeted/active/modules/100/iscsi/lang_ext |
| /etc/selinux/targeted/active/modules/100/isns/ |
| /etc/selinux/targeted/active/modules/100/isns/cil |
| /etc/selinux/targeted/active/modules/100/isns/hll |
| /etc/selinux/targeted/active/modules/100/isns/lang_ext |
| /etc/selinux/targeted/active/modules/100/jabber/ |
| /etc/selinux/targeted/active/modules/100/jabber/cil |
| /etc/selinux/targeted/active/modules/100/jabber/hll |
| /etc/selinux/targeted/active/modules/100/jabber/lang_ext |
| /etc/selinux/targeted/active/modules/100/jetty/ |
| /etc/selinux/targeted/active/modules/100/jetty/cil |
| /etc/selinux/targeted/active/modules/100/jetty/hll |
| /etc/selinux/targeted/active/modules/100/jetty/lang_ext |
| /etc/selinux/targeted/active/modules/100/jockey/ |
| /etc/selinux/targeted/active/modules/100/jockey/cil |
| /etc/selinux/targeted/active/modules/100/jockey/hll |
| /etc/selinux/targeted/active/modules/100/jockey/lang_ext |
| /etc/selinux/targeted/active/modules/100/journalctl/ |
| /etc/selinux/targeted/active/modules/100/journalctl/cil |
| /etc/selinux/targeted/active/modules/100/journalctl/hll |
| /etc/selinux/targeted/active/modules/100/journalctl/lang_ext |
| /etc/selinux/targeted/active/modules/100/kdump/ |
| /etc/selinux/targeted/active/modules/100/kdump/cil |
| /etc/selinux/targeted/active/modules/100/kdump/hll |
| /etc/selinux/targeted/active/modules/100/kdump/lang_ext |
| /etc/selinux/targeted/active/modules/100/kdumpgui/ |
| /etc/selinux/targeted/active/modules/100/kdumpgui/cil |
| /etc/selinux/targeted/active/modules/100/kdumpgui/hll |
| /etc/selinux/targeted/active/modules/100/kdumpgui/lang_ext |
| /etc/selinux/targeted/active/modules/100/keepalived/ |
| /etc/selinux/targeted/active/modules/100/keepalived/cil |
| /etc/selinux/targeted/active/modules/100/keepalived/hll |
| /etc/selinux/targeted/active/modules/100/keepalived/lang_ext |
| /etc/selinux/targeted/active/modules/100/kerberos/ |
| /etc/selinux/targeted/active/modules/100/kerberos/cil |
| /etc/selinux/targeted/active/modules/100/kerberos/hll |
| /etc/selinux/targeted/active/modules/100/kerberos/lang_ext |
| /etc/selinux/targeted/active/modules/100/keyboardd/ |
| /etc/selinux/targeted/active/modules/100/keyboardd/cil |
| /etc/selinux/targeted/active/modules/100/keyboardd/hll |
| /etc/selinux/targeted/active/modules/100/keyboardd/lang_ext |
| /etc/selinux/targeted/active/modules/100/keystone/ |
| /etc/selinux/targeted/active/modules/100/keystone/cil |
| /etc/selinux/targeted/active/modules/100/keystone/hll |
| /etc/selinux/targeted/active/modules/100/keystone/lang_ext |
| /etc/selinux/targeted/active/modules/100/kismet/ |
| /etc/selinux/targeted/active/modules/100/kismet/cil |
| /etc/selinux/targeted/active/modules/100/kismet/hll |
| /etc/selinux/targeted/active/modules/100/kismet/lang_ext |
| /etc/selinux/targeted/active/modules/100/kmscon/ |
| /etc/selinux/targeted/active/modules/100/kmscon/cil |
| /etc/selinux/targeted/active/modules/100/kmscon/hll |
| /etc/selinux/targeted/active/modules/100/kmscon/lang_ext |
| /etc/selinux/targeted/active/modules/100/ksmtuned/ |
| /etc/selinux/targeted/active/modules/100/ksmtuned/cil |
| /etc/selinux/targeted/active/modules/100/ksmtuned/hll |
| /etc/selinux/targeted/active/modules/100/ksmtuned/lang_ext |
| /etc/selinux/targeted/active/modules/100/ktalk/ |
| /etc/selinux/targeted/active/modules/100/ktalk/cil |
| /etc/selinux/targeted/active/modules/100/ktalk/hll |
| /etc/selinux/targeted/active/modules/100/ktalk/lang_ext |
| /etc/selinux/targeted/active/modules/100/l2tp/ |
| /etc/selinux/targeted/active/modules/100/l2tp/cil |
| /etc/selinux/targeted/active/modules/100/l2tp/hll |
| /etc/selinux/targeted/active/modules/100/l2tp/lang_ext |
| /etc/selinux/targeted/active/modules/100/ldap/ |
| /etc/selinux/targeted/active/modules/100/ldap/cil |
| /etc/selinux/targeted/active/modules/100/ldap/hll |
| /etc/selinux/targeted/active/modules/100/ldap/lang_ext |
| /etc/selinux/targeted/active/modules/100/libraries/ |
| /etc/selinux/targeted/active/modules/100/libraries/cil |
| /etc/selinux/targeted/active/modules/100/libraries/hll |
| /etc/selinux/targeted/active/modules/100/libraries/lang_ext |
| /etc/selinux/targeted/active/modules/100/likewise/ |
| /etc/selinux/targeted/active/modules/100/likewise/cil |
| /etc/selinux/targeted/active/modules/100/likewise/hll |
| /etc/selinux/targeted/active/modules/100/likewise/lang_ext |
| /etc/selinux/targeted/active/modules/100/linuxptp/ |
| /etc/selinux/targeted/active/modules/100/linuxptp/cil |
| /etc/selinux/targeted/active/modules/100/linuxptp/hll |
| /etc/selinux/targeted/active/modules/100/linuxptp/lang_ext |
| /etc/selinux/targeted/active/modules/100/lircd/ |
| /etc/selinux/targeted/active/modules/100/lircd/cil |
| /etc/selinux/targeted/active/modules/100/lircd/hll |
| /etc/selinux/targeted/active/modules/100/lircd/lang_ext |
| /etc/selinux/targeted/active/modules/100/livecd/ |
| /etc/selinux/targeted/active/modules/100/livecd/cil |
| /etc/selinux/targeted/active/modules/100/livecd/hll |
| /etc/selinux/targeted/active/modules/100/livecd/lang_ext |
| /etc/selinux/targeted/active/modules/100/lldpad/ |
| /etc/selinux/targeted/active/modules/100/lldpad/cil |
| /etc/selinux/targeted/active/modules/100/lldpad/hll |
| /etc/selinux/targeted/active/modules/100/lldpad/lang_ext |
| /etc/selinux/targeted/active/modules/100/loadkeys/ |
| /etc/selinux/targeted/active/modules/100/loadkeys/cil |
| /etc/selinux/targeted/active/modules/100/loadkeys/hll |
| /etc/selinux/targeted/active/modules/100/loadkeys/lang_ext |
| /etc/selinux/targeted/active/modules/100/locallogin/ |
| /etc/selinux/targeted/active/modules/100/locallogin/cil |
| /etc/selinux/targeted/active/modules/100/locallogin/hll |
| /etc/selinux/targeted/active/modules/100/locallogin/lang_ext |
| /etc/selinux/targeted/active/modules/100/lockdev/ |
| /etc/selinux/targeted/active/modules/100/lockdev/cil |
| /etc/selinux/targeted/active/modules/100/lockdev/hll |
| /etc/selinux/targeted/active/modules/100/lockdev/lang_ext |
| /etc/selinux/targeted/active/modules/100/logadm/ |
| /etc/selinux/targeted/active/modules/100/logadm/cil |
| /etc/selinux/targeted/active/modules/100/logadm/hll |
| /etc/selinux/targeted/active/modules/100/logadm/lang_ext |
| /etc/selinux/targeted/active/modules/100/logging/ |
| /etc/selinux/targeted/active/modules/100/logging/cil |
| /etc/selinux/targeted/active/modules/100/logging/hll |
| /etc/selinux/targeted/active/modules/100/logging/lang_ext |
| /etc/selinux/targeted/active/modules/100/logrotate/ |
| /etc/selinux/targeted/active/modules/100/logrotate/cil |
| /etc/selinux/targeted/active/modules/100/logrotate/hll |
| /etc/selinux/targeted/active/modules/100/logrotate/lang_ext |
| /etc/selinux/targeted/active/modules/100/logwatch/ |
| /etc/selinux/targeted/active/modules/100/logwatch/cil |
| /etc/selinux/targeted/active/modules/100/logwatch/hll |
| /etc/selinux/targeted/active/modules/100/logwatch/lang_ext |
| /etc/selinux/targeted/active/modules/100/lpd/ |
| /etc/selinux/targeted/active/modules/100/lpd/cil |
| /etc/selinux/targeted/active/modules/100/lpd/hll |
| /etc/selinux/targeted/active/modules/100/lpd/lang_ext |
| /etc/selinux/targeted/active/modules/100/lsm/ |
| /etc/selinux/targeted/active/modules/100/lsm/cil |
| /etc/selinux/targeted/active/modules/100/lsm/hll |
| /etc/selinux/targeted/active/modules/100/lsm/lang_ext |
| /etc/selinux/targeted/active/modules/100/lttng-tools/ |
| /etc/selinux/targeted/active/modules/100/lttng-tools/cil |
| /etc/selinux/targeted/active/modules/100/lttng-tools/hll |
| /etc/selinux/targeted/active/modules/100/lttng-tools/lang_ext |
| /etc/selinux/targeted/active/modules/100/lvm/ |
| /etc/selinux/targeted/active/modules/100/lvm/cil |
| /etc/selinux/targeted/active/modules/100/lvm/hll |
| /etc/selinux/targeted/active/modules/100/lvm/lang_ext |
| /etc/selinux/targeted/active/modules/100/mailman/ |
| /etc/selinux/targeted/active/modules/100/mailman/cil |
| /etc/selinux/targeted/active/modules/100/mailman/hll |
| /etc/selinux/targeted/active/modules/100/mailman/lang_ext |
| /etc/selinux/targeted/active/modules/100/mailscanner/ |
| /etc/selinux/targeted/active/modules/100/mailscanner/cil |
| /etc/selinux/targeted/active/modules/100/mailscanner/hll |
| /etc/selinux/targeted/active/modules/100/mailscanner/lang_ext |
| /etc/selinux/targeted/active/modules/100/man2html/ |
| /etc/selinux/targeted/active/modules/100/man2html/cil |
| /etc/selinux/targeted/active/modules/100/man2html/hll |
| /etc/selinux/targeted/active/modules/100/man2html/lang_ext |
| /etc/selinux/targeted/active/modules/100/mandb/ |
| /etc/selinux/targeted/active/modules/100/mandb/cil |
| /etc/selinux/targeted/active/modules/100/mandb/hll |
| /etc/selinux/targeted/active/modules/100/mandb/lang_ext |
| /etc/selinux/targeted/active/modules/100/mcelog/ |
| /etc/selinux/targeted/active/modules/100/mcelog/cil |
| /etc/selinux/targeted/active/modules/100/mcelog/hll |
| /etc/selinux/targeted/active/modules/100/mcelog/lang_ext |
| /etc/selinux/targeted/active/modules/100/mediawiki/ |
| /etc/selinux/targeted/active/modules/100/mediawiki/cil |
| /etc/selinux/targeted/active/modules/100/mediawiki/hll |
| /etc/selinux/targeted/active/modules/100/mediawiki/lang_ext |
| /etc/selinux/targeted/active/modules/100/memcached/ |
| /etc/selinux/targeted/active/modules/100/memcached/cil |
| /etc/selinux/targeted/active/modules/100/memcached/hll |
| /etc/selinux/targeted/active/modules/100/memcached/lang_ext |
| /etc/selinux/targeted/active/modules/100/milter/ |
| /etc/selinux/targeted/active/modules/100/milter/cil |
| /etc/selinux/targeted/active/modules/100/milter/hll |
| /etc/selinux/targeted/active/modules/100/milter/lang_ext |
| /etc/selinux/targeted/active/modules/100/minidlna/ |
| /etc/selinux/targeted/active/modules/100/minidlna/cil |
| /etc/selinux/targeted/active/modules/100/minidlna/hll |
| /etc/selinux/targeted/active/modules/100/minidlna/lang_ext |
| /etc/selinux/targeted/active/modules/100/minissdpd/ |
| /etc/selinux/targeted/active/modules/100/minissdpd/cil |
| /etc/selinux/targeted/active/modules/100/minissdpd/hll |
| /etc/selinux/targeted/active/modules/100/minissdpd/lang_ext |
| /etc/selinux/targeted/active/modules/100/mip6d/ |
| /etc/selinux/targeted/active/modules/100/mip6d/cil |
| /etc/selinux/targeted/active/modules/100/mip6d/hll |
| /etc/selinux/targeted/active/modules/100/mip6d/lang_ext |
| /etc/selinux/targeted/active/modules/100/mirrormanager/ |
| /etc/selinux/targeted/active/modules/100/mirrormanager/cil |
| /etc/selinux/targeted/active/modules/100/mirrormanager/hll |
| /etc/selinux/targeted/active/modules/100/mirrormanager/lang_ext |
| /etc/selinux/targeted/active/modules/100/miscfiles/ |
| /etc/selinux/targeted/active/modules/100/miscfiles/cil |
| /etc/selinux/targeted/active/modules/100/miscfiles/hll |
| /etc/selinux/targeted/active/modules/100/miscfiles/lang_ext |
| /etc/selinux/targeted/active/modules/100/mock/ |
| /etc/selinux/targeted/active/modules/100/mock/cil |
| /etc/selinux/targeted/active/modules/100/mock/hll |
| /etc/selinux/targeted/active/modules/100/mock/lang_ext |
| /etc/selinux/targeted/active/modules/100/modemmanager/ |
| /etc/selinux/targeted/active/modules/100/modemmanager/cil |
| /etc/selinux/targeted/active/modules/100/modemmanager/hll |
| /etc/selinux/targeted/active/modules/100/modemmanager/lang_ext |
| /etc/selinux/targeted/active/modules/100/modutils/ |
| /etc/selinux/targeted/active/modules/100/modutils/cil |
| /etc/selinux/targeted/active/modules/100/modutils/hll |
| /etc/selinux/targeted/active/modules/100/modutils/lang_ext |
| /etc/selinux/targeted/active/modules/100/mojomojo/ |
| /etc/selinux/targeted/active/modules/100/mojomojo/cil |
| /etc/selinux/targeted/active/modules/100/mojomojo/hll |
| /etc/selinux/targeted/active/modules/100/mojomojo/lang_ext |
| /etc/selinux/targeted/active/modules/100/mon_statd/ |
| /etc/selinux/targeted/active/modules/100/mon_statd/cil |
| /etc/selinux/targeted/active/modules/100/mon_statd/hll |
| /etc/selinux/targeted/active/modules/100/mon_statd/lang_ext |
| /etc/selinux/targeted/active/modules/100/mongodb/ |
| /etc/selinux/targeted/active/modules/100/mongodb/cil |
| /etc/selinux/targeted/active/modules/100/mongodb/hll |
| /etc/selinux/targeted/active/modules/100/mongodb/lang_ext |
| /etc/selinux/targeted/active/modules/100/motion/ |
| /etc/selinux/targeted/active/modules/100/motion/cil |
| /etc/selinux/targeted/active/modules/100/motion/hll |
| /etc/selinux/targeted/active/modules/100/motion/lang_ext |
| /etc/selinux/targeted/active/modules/100/mount/ |
| /etc/selinux/targeted/active/modules/100/mount/cil |
| /etc/selinux/targeted/active/modules/100/mount/hll |
| /etc/selinux/targeted/active/modules/100/mount/lang_ext |
| /etc/selinux/targeted/active/modules/100/mozilla/ |
| /etc/selinux/targeted/active/modules/100/mozilla/cil |
| /etc/selinux/targeted/active/modules/100/mozilla/hll |
| /etc/selinux/targeted/active/modules/100/mozilla/lang_ext |
| /etc/selinux/targeted/active/modules/100/mpd/ |
| /etc/selinux/targeted/active/modules/100/mpd/cil |
| /etc/selinux/targeted/active/modules/100/mpd/hll |
| /etc/selinux/targeted/active/modules/100/mpd/lang_ext |
| /etc/selinux/targeted/active/modules/100/mplayer/ |
| /etc/selinux/targeted/active/modules/100/mplayer/cil |
| /etc/selinux/targeted/active/modules/100/mplayer/hll |
| /etc/selinux/targeted/active/modules/100/mplayer/lang_ext |
| /etc/selinux/targeted/active/modules/100/mrtg/ |
| /etc/selinux/targeted/active/modules/100/mrtg/cil |
| /etc/selinux/targeted/active/modules/100/mrtg/hll |
| /etc/selinux/targeted/active/modules/100/mrtg/lang_ext |
| /etc/selinux/targeted/active/modules/100/mta/ |
| /etc/selinux/targeted/active/modules/100/mta/cil |
| /etc/selinux/targeted/active/modules/100/mta/hll |
| /etc/selinux/targeted/active/modules/100/mta/lang_ext |
| /etc/selinux/targeted/active/modules/100/munin/ |
| /etc/selinux/targeted/active/modules/100/munin/cil |
| /etc/selinux/targeted/active/modules/100/munin/hll |
| /etc/selinux/targeted/active/modules/100/munin/lang_ext |
| /etc/selinux/targeted/active/modules/100/mysql/ |
| /etc/selinux/targeted/active/modules/100/mysql/cil |
| /etc/selinux/targeted/active/modules/100/mysql/hll |
| /etc/selinux/targeted/active/modules/100/mysql/lang_ext |
| /etc/selinux/targeted/active/modules/100/mythtv/ |
| /etc/selinux/targeted/active/modules/100/mythtv/cil |
| /etc/selinux/targeted/active/modules/100/mythtv/hll |
| /etc/selinux/targeted/active/modules/100/mythtv/lang_ext |
| /etc/selinux/targeted/active/modules/100/nagios/ |
| /etc/selinux/targeted/active/modules/100/nagios/cil |
| /etc/selinux/targeted/active/modules/100/nagios/hll |
| /etc/selinux/targeted/active/modules/100/nagios/lang_ext |
| /etc/selinux/targeted/active/modules/100/namespace/ |
| /etc/selinux/targeted/active/modules/100/namespace/cil |
| /etc/selinux/targeted/active/modules/100/namespace/hll |
| /etc/selinux/targeted/active/modules/100/namespace/lang_ext |
| /etc/selinux/targeted/active/modules/100/ncftool/ |
| /etc/selinux/targeted/active/modules/100/ncftool/cil |
| /etc/selinux/targeted/active/modules/100/ncftool/hll |
| /etc/selinux/targeted/active/modules/100/ncftool/lang_ext |
| /etc/selinux/targeted/active/modules/100/netlabel/ |
| /etc/selinux/targeted/active/modules/100/netlabel/cil |
| /etc/selinux/targeted/active/modules/100/netlabel/hll |
| /etc/selinux/targeted/active/modules/100/netlabel/lang_ext |
| /etc/selinux/targeted/active/modules/100/netutils/ |
| /etc/selinux/targeted/active/modules/100/netutils/cil |
| /etc/selinux/targeted/active/modules/100/netutils/hll |
| /etc/selinux/targeted/active/modules/100/netutils/lang_ext |
| /etc/selinux/targeted/active/modules/100/networkmanager/ |
| /etc/selinux/targeted/active/modules/100/networkmanager/cil |
| /etc/selinux/targeted/active/modules/100/networkmanager/hll |
| /etc/selinux/targeted/active/modules/100/networkmanager/lang_ext |
| /etc/selinux/targeted/active/modules/100/ninfod/ |
| /etc/selinux/targeted/active/modules/100/ninfod/cil |
| /etc/selinux/targeted/active/modules/100/ninfod/hll |
| /etc/selinux/targeted/active/modules/100/ninfod/lang_ext |
| /etc/selinux/targeted/active/modules/100/nis/ |
| /etc/selinux/targeted/active/modules/100/nis/cil |
| /etc/selinux/targeted/active/modules/100/nis/hll |
| /etc/selinux/targeted/active/modules/100/nis/lang_ext |
| /etc/selinux/targeted/active/modules/100/nova/ |
| /etc/selinux/targeted/active/modules/100/nova/cil |
| /etc/selinux/targeted/active/modules/100/nova/hll |
| /etc/selinux/targeted/active/modules/100/nova/lang_ext |
| /etc/selinux/targeted/active/modules/100/nscd/ |
| /etc/selinux/targeted/active/modules/100/nscd/cil |
| /etc/selinux/targeted/active/modules/100/nscd/hll |
| /etc/selinux/targeted/active/modules/100/nscd/lang_ext |
| /etc/selinux/targeted/active/modules/100/nsd/ |
| /etc/selinux/targeted/active/modules/100/nsd/cil |
| /etc/selinux/targeted/active/modules/100/nsd/hll |
| /etc/selinux/targeted/active/modules/100/nsd/lang_ext |
| /etc/selinux/targeted/active/modules/100/nslcd/ |
| /etc/selinux/targeted/active/modules/100/nslcd/cil |
| /etc/selinux/targeted/active/modules/100/nslcd/hll |
| /etc/selinux/targeted/active/modules/100/nslcd/lang_ext |
| /etc/selinux/targeted/active/modules/100/ntop/ |
| /etc/selinux/targeted/active/modules/100/ntop/cil |
| /etc/selinux/targeted/active/modules/100/ntop/hll |
| /etc/selinux/targeted/active/modules/100/ntop/lang_ext |
| /etc/selinux/targeted/active/modules/100/ntp/ |
| /etc/selinux/targeted/active/modules/100/ntp/cil |
| /etc/selinux/targeted/active/modules/100/ntp/hll |
| /etc/selinux/targeted/active/modules/100/ntp/lang_ext |
| /etc/selinux/targeted/active/modules/100/numad/ |
| /etc/selinux/targeted/active/modules/100/numad/cil |
| /etc/selinux/targeted/active/modules/100/numad/hll |
| /etc/selinux/targeted/active/modules/100/numad/lang_ext |
| /etc/selinux/targeted/active/modules/100/nut/ |
| /etc/selinux/targeted/active/modules/100/nut/cil |
| /etc/selinux/targeted/active/modules/100/nut/hll |
| /etc/selinux/targeted/active/modules/100/nut/lang_ext |
| /etc/selinux/targeted/active/modules/100/nx/ |
| /etc/selinux/targeted/active/modules/100/nx/cil |
| /etc/selinux/targeted/active/modules/100/nx/hll |
| /etc/selinux/targeted/active/modules/100/nx/lang_ext |
| /etc/selinux/targeted/active/modules/100/obex/ |
| /etc/selinux/targeted/active/modules/100/obex/cil |
| /etc/selinux/targeted/active/modules/100/obex/hll |
| /etc/selinux/targeted/active/modules/100/obex/lang_ext |
| /etc/selinux/targeted/active/modules/100/oddjob/ |
| /etc/selinux/targeted/active/modules/100/oddjob/cil |
| /etc/selinux/targeted/active/modules/100/oddjob/hll |
| /etc/selinux/targeted/active/modules/100/oddjob/lang_ext |
| /etc/selinux/targeted/active/modules/100/openct/ |
| /etc/selinux/targeted/active/modules/100/openct/cil |
| /etc/selinux/targeted/active/modules/100/openct/hll |
| /etc/selinux/targeted/active/modules/100/openct/lang_ext |
| /etc/selinux/targeted/active/modules/100/opendnssec/ |
| /etc/selinux/targeted/active/modules/100/opendnssec/cil |
| /etc/selinux/targeted/active/modules/100/opendnssec/hll |
| /etc/selinux/targeted/active/modules/100/opendnssec/lang_ext |
| /etc/selinux/targeted/active/modules/100/openhpid/ |
| /etc/selinux/targeted/active/modules/100/openhpid/cil |
| /etc/selinux/targeted/active/modules/100/openhpid/hll |
| /etc/selinux/targeted/active/modules/100/openhpid/lang_ext |
| /etc/selinux/targeted/active/modules/100/openshift/ |
| /etc/selinux/targeted/active/modules/100/openshift/cil |
| /etc/selinux/targeted/active/modules/100/openshift/hll |
| /etc/selinux/targeted/active/modules/100/openshift/lang_ext |
| /etc/selinux/targeted/active/modules/100/openshift-origin/ |
| /etc/selinux/targeted/active/modules/100/openshift-origin/cil |
| /etc/selinux/targeted/active/modules/100/openshift-origin/hll |
| /etc/selinux/targeted/active/modules/100/openshift-origin/lang_ext |
| /etc/selinux/targeted/active/modules/100/opensm/ |
| /etc/selinux/targeted/active/modules/100/opensm/cil |
| /etc/selinux/targeted/active/modules/100/opensm/hll |
| /etc/selinux/targeted/active/modules/100/opensm/lang_ext |
| /etc/selinux/targeted/active/modules/100/openvpn/ |
| /etc/selinux/targeted/active/modules/100/openvpn/cil |
| /etc/selinux/targeted/active/modules/100/openvpn/hll |
| /etc/selinux/targeted/active/modules/100/openvpn/lang_ext |
| /etc/selinux/targeted/active/modules/100/openvswitch/ |
| /etc/selinux/targeted/active/modules/100/openvswitch/cil |
| /etc/selinux/targeted/active/modules/100/openvswitch/hll |
| /etc/selinux/targeted/active/modules/100/openvswitch/lang_ext |
| /etc/selinux/targeted/active/modules/100/openwsman/ |
| /etc/selinux/targeted/active/modules/100/openwsman/cil |
| /etc/selinux/targeted/active/modules/100/openwsman/hll |
| /etc/selinux/targeted/active/modules/100/openwsman/lang_ext |
| /etc/selinux/targeted/active/modules/100/oracleasm/ |
| /etc/selinux/targeted/active/modules/100/oracleasm/cil |
| /etc/selinux/targeted/active/modules/100/oracleasm/hll |
| /etc/selinux/targeted/active/modules/100/oracleasm/lang_ext |
| /etc/selinux/targeted/active/modules/100/osad/ |
| /etc/selinux/targeted/active/modules/100/osad/cil |
| /etc/selinux/targeted/active/modules/100/osad/hll |
| /etc/selinux/targeted/active/modules/100/osad/lang_ext |
| /etc/selinux/targeted/active/modules/100/pads/ |
| /etc/selinux/targeted/active/modules/100/pads/cil |
| /etc/selinux/targeted/active/modules/100/pads/hll |
| /etc/selinux/targeted/active/modules/100/pads/lang_ext |
| /etc/selinux/targeted/active/modules/100/passenger/ |
| /etc/selinux/targeted/active/modules/100/passenger/cil |
| /etc/selinux/targeted/active/modules/100/passenger/hll |
| /etc/selinux/targeted/active/modules/100/passenger/lang_ext |
| /etc/selinux/targeted/active/modules/100/pcmcia/ |
| /etc/selinux/targeted/active/modules/100/pcmcia/cil |
| /etc/selinux/targeted/active/modules/100/pcmcia/hll |
| /etc/selinux/targeted/active/modules/100/pcmcia/lang_ext |
| /etc/selinux/targeted/active/modules/100/pcp/ |
| /etc/selinux/targeted/active/modules/100/pcp/cil |
| /etc/selinux/targeted/active/modules/100/pcp/hll |
| /etc/selinux/targeted/active/modules/100/pcp/lang_ext |
| /etc/selinux/targeted/active/modules/100/pcscd/ |
| /etc/selinux/targeted/active/modules/100/pcscd/cil |
| /etc/selinux/targeted/active/modules/100/pcscd/hll |
| /etc/selinux/targeted/active/modules/100/pcscd/lang_ext |
| /etc/selinux/targeted/active/modules/100/pegasus/ |
| /etc
+----------+
+-------+--------------+---------------------+------+-------+----------+------------+-----------+
| JobId | Name         | StartTime           | Type | Level | JobFiles | JobBytes   | JobStatus |
+-------+--------------+---------------------+------+-------+----------+------------+-----------+
|    84 | Backup_Web01 | 2018-08-14 13:00:00 | B    | F     |    2,405 | 10,884,361 | T         |
+-------+--------------+---------------------+------+-------+----------+------------+-----------+
